2025-03-28 17:13:43.967189 - Received CBT.V508.FILE019.PDS from FILE019.XMI 
2025-03-28 17:13:43.969925 - Found $$$#DATE.txt (text/plain) in CBT.V508.FILE019.PDS, moved to PDS/$$$#DATE
2025-03-28 17:13:43.971683 - Found $$CHANGE.txt (text/plain) in CBT.V508.FILE019.PDS, moved to PDS/$$CHANGE
2025-03-28 17:13:43.973367 - Found $$DOC.txt (text/plain) in CBT.V508.FILE019.PDS, moved to PDS/$$DOC
2025-03-28 17:13:43.974307 - Found $$NOTE1.eml (message/rfc822) in CBT.V508.FILE019.PDS, moved to PDS/$$NOTE1
2025-03-28 17:13:43.975467 - Found $$NOTE2.txt (text/plain) in CBT.V508.FILE019.PDS, moved to PDS/$$NOTE2
2025-03-28 17:13:43.976977 - Found $$NOTE3.txt (text/plain) in CBT.V508.FILE019.PDS, moved to PDS/$$NOTE3
2025-03-28 17:13:43.981927 - Found $$NOTE4.eml (message/rfc822) in CBT.V508.FILE019.PDS, moved to PDS/$$NOTE4
2025-03-28 17:13:43.983550 - Found $$NOTE5.eml (message/rfc822) in CBT.V508.FILE019.PDS, moved to PDS/$$NOTE5
2025-03-28 17:13:43.984851 - Found $$NOTE6.txt (text/plain) in CBT.V508.FILE019.PDS, moved to PDS/$$NOTE6
2025-03-28 17:13:43.986010 - Found $BLKSCAN.txt (text/plain) in CBT.V508.FILE019.PDS, moved to PDS/$BLKSCAN
2025-03-28 17:13:43.986878 - Found $CHECKPV.txt (text/plain) in CBT.V508.FILE019.PDS, moved to PDS/$CHECKPV
2025-03-28 17:13:43.988081 - Found $COMMAND.txt (text/plain) in CBT.V508.FILE019.PDS, moved to PDS/$COMMAND
2025-03-28 17:13:43.989953 - Found $CONSOLE.txt (text/plain) in CBT.V508.FILE019.PDS, moved to PDS/$CONSOLE
2025-03-28 17:13:43.992029 - Found $FLCACHE.txt (text/plain) in CBT.V508.FILE019.PDS, moved to PDS/$FLCACHE
2025-03-28 17:13:43.994417 - Found $FLSMFCT.txt (text/plain) in CBT.V508.FILE019.PDS, moved to PDS/$FLSMFCT
2025-03-28 17:13:43.996521 - Found $FLSMFDS.txt (text/plain) in CBT.V508.FILE019.PDS, moved to PDS/$FLSMFDS
2025-03-28 17:13:44.000336 - Found $FLSMFJB.txt (text/plain) in CBT.V508.FILE019.PDS, moved to PDS/$FLSMFJB
2025-03-28 17:13:44.002076 - Found $FLSMFSR.txt (text/plain) in CBT.V508.FILE019.PDS, moved to PDS/$FLSMFSR
2025-03-28 17:13:44.003095 - Found $FLVOLLS.txt (text/plain) in CBT.V508.FILE019.PDS, moved to PDS/$FLVOLLS
2025-03-28 17:13:44.004377 - Found $JES$LF.txt (text/plain) in CBT.V508.FILE019.PDS, moved to PDS/$JES$LF
2025-03-28 17:13:44.005672 - Found $LISTF.txt (text/plain) in CBT.V508.FILE019.PDS, moved to PDS/$LISTF
2025-03-28 17:13:44.006781 - Found $MODLOOK.txt (text/plain) in CBT.V508.FILE019.PDS, moved to PDS/$MODLOOK
2025-03-28 17:13:44.008033 - Found $PAGEFIX.txt (text/plain) in CBT.V508.FILE019.PDS, moved to PDS/$PAGEFIX
2025-03-28 17:13:44.009526 - Found $SMAP.txt (text/plain) in CBT.V508.FILE019.PDS, moved to PDS/$SMAP
2025-03-28 17:13:44.011369 - Found @BLKSCAN.jcl (text/plain) in CBT.V508.FILE019.PDS, moved to PDS/@BLKSCAN
2025-03-28 17:13:44.012426 - Found @CHECKPV.txt (text/plain) in CBT.V508.FILE019.PDS, moved to PDS/@CHECKPV
2025-03-28 17:13:44.013159 - Found @COMMAND.txt (text/plain) in CBT.V508.FILE019.PDS, moved to PDS/@COMMAND
2025-03-28 17:13:44.014271 - Found @FILE019.txt (text/plain) in CBT.V508.FILE019.PDS, moved to PDS/@FILE019
2025-03-28 17:13:44.015144 - Found @FLCACHE.jcl (text/plain) in CBT.V508.FILE019.PDS, moved to PDS/@FLCACHE
2025-03-28 17:13:44.016540 - Found @FLSMFCT.jcl (text/plain) in CBT.V508.FILE019.PDS, moved to PDS/@FLSMFCT
2025-03-28 17:13:44.019104 - Found @FLSMFDS.jcl (text/plain) in CBT.V508.FILE019.PDS, moved to PDS/@FLSMFDS
2025-03-28 17:13:44.020304 - Found @FLSMFJB.jcl (text/plain) in CBT.V508.FILE019.PDS, moved to PDS/@FLSMFJB
2025-03-28 17:13:44.021347 - Found @FLSMFSR.jcl (text/plain) in CBT.V508.FILE019.PDS, moved to PDS/@FLSMFSR
2025-03-28 17:13:44.022808 - Found @FLVOLLS.jcl (text/plain) in CBT.V508.FILE019.PDS, moved to PDS/@FLVOLLS
2025-03-28 17:13:44.023684 - Found @MODLOOK.jcl (text/plain) in CBT.V508.FILE019.PDS, moved to PDS/@MODLOOK
2025-03-28 17:13:44.024566 - Found @PAGEFIX.jcl (text/plain) in CBT.V508.FILE019.PDS, moved to PDS/@PAGEFIX
2025-03-28 17:13:44.025496 - Found @SMAP.jcl (text/plain) in CBT.V508.FILE019.PDS, moved to PDS/@SMAP
2025-03-28 17:13:44.027808 - Found BLKSCAN.txt (text/plain) in CBT.V508.FILE019.PDS, moved to PDS/BLKSCAN
2025-03-28 17:13:44.029238 - Found CHECKPVT.txt (text/plain) in CBT.V508.FILE019.PDS, moved to PDS/CHECKPVT
2025-03-28 17:13:44.031281 - Found COMMAND.txt (text/plain) in CBT.V508.FILE019.PDS, moved to PDS/COMMAND
2025-03-28 17:13:44.032883 - Found COMMSAMP.txt (text/plain) in CBT.V508.FILE019.PDS, moved to PDS/COMMSAMP
2025-03-28 17:13:44.035180 - Found CONSOLE.txt (text/plain) in CBT.V508.FILE019.PDS, moved to PDS/CONSOLE
2025-03-28 17:13:44.037661 - Found FLCACHE.txt (text/plain) in CBT.V508.FILE019.PDS, moved to PDS/FLCACHE
2025-03-28 17:13:44.043802 - Found FLSMFCAT.txt (text/plain) in CBT.V508.FILE019.PDS, moved to PDS/FLSMFCAT
2025-03-28 17:13:44.046801 - Found FLSMFDSN.txt (text/plain) in CBT.V508.FILE019.PDS, moved to PDS/FLSMFDSN
2025-03-28 17:13:44.050460 - Found FLSMFDSZ.txt (text/plain) in CBT.V508.FILE019.PDS, moved to PDS/FLSMFDSZ
2025-03-28 17:13:44.056743 - Found FLSMFJOB.txt (text/plain) in CBT.V508.FILE019.PDS, moved to PDS/FLSMFJOB
2025-03-28 17:13:44.062861 - Found FLSMFJO1.txt (text/plain) in CBT.V508.FILE019.PDS, moved to PDS/FLSMFJO1
2025-03-28 17:13:44.066745 - Found FLSMFJO2.txt (text/plain) in CBT.V508.FILE019.PDS, moved to PDS/FLSMFJO2
2025-03-28 17:13:44.068547 - Found FLSMFSRT.txt (text/plain) in CBT.V508.FILE019.PDS, moved to PDS/FLSMFSRT
2025-03-28 17:13:44.071158 - Found FLVOLLST.txt (text/plain) in CBT.V508.FILE019.PDS, moved to PDS/FLVOLLST
2025-03-28 17:13:44.073211 - Found JES$LF.txt (text/plain) in CBT.V508.FILE019.PDS, moved to PDS/JES$LF
2025-03-28 17:13:44.073912 - Found LISTF$.jcl (text/plain) in CBT.V508.FILE019.PDS, moved to PDS/LISTF$
2025-03-28 17:13:44.076781 - Found LISTFSP.txt (text/plain) in CBT.V508.FILE019.PDS, moved to PDS/LISTFSP
2025-03-28 17:13:44.078642 - Found LISTF01.txt (text/plain) in CBT.V508.FILE019.PDS, moved to PDS/LISTF01
2025-03-28 17:13:44.081347 - Found LISTF02.txt (text/plain) in CBT.V508.FILE019.PDS, moved to PDS/LISTF02
2025-03-28 17:13:44.083545 - Found MODLOOK.txt (text/plain) in CBT.V508.FILE019.PDS, moved to PDS/MODLOOK
2025-03-28 17:13:44.085469 - Found PAGEFIX.txt (text/plain) in CBT.V508.FILE019.PDS, moved to PDS/PAGEFIX
2025-03-28 17:13:44.086681 - Found SMAP.txt (text/plain) in CBT.V508.FILE019.PDS, moved to PDS/SMAP
